0 info it worked if it ends with ok
1 verbose cli [ '/Users/user/.nvm/versions/node/v6.0.0/bin/node',
1 verbose cli   '/Users/user/.nvm/versions/node/v6.0.0/bin/npm',
1 verbose cli   'run',
1 verbose cli   'test' ]
2 info using npm@3.8.6
3 info using node@v6.0.0
4 verbose run-script [ 'pretest', 'test', 'posttest' ]
5 info lifecycle Express_Backend_Application@1.0.0~pretest: Express_Backend_Application@1.0.0
6 silly lifecycle Express_Backend_Application@1.0.0~pretest: no script for pretest, continuing
7 info lifecycle Express_Backend_Application@1.0.0~test: Express_Backend_Application@1.0.0
8 verbose lifecycle Express_Backend_Application@1.0.0~test: unsafe-perm in lifecycle true
9 verbose lifecycle Express_Backend_Application@1.0.0~test: PATH: /Users/user/.nvm/versions/node/v6.0.0/lib/node_modules/npm/bin/node-gyp-bin:/Users/user/Documents/Dev/estate-management/node_modules/.bin:/Users/user/.nvm/versions/node/v6.0.0/bin:/Users/user/.nvm/versions/node/v6.0.0/bin:/usr/local/bin:/usr/bin:/bin:/usr/sbin:/sbin:/usr/local/go/bin:/Users/user/.nvm/versions/node/v6.0.0/bin:/Users/user/flutter/bin:/Users/user/flutter/.pub-cache/bin:/Users/user/flutter/bin/cache/dart-sdk/bin:/Users/user/flutter/bin:/Users/user/flutter/.pub-cache/bin:/Users/user/flutter/bin/cache/dart-sdk/bin
10 verbose lifecycle Express_Backend_Application@1.0.0~test: CWD: /Users/user/Documents/Dev/estate-management
11 silly lifecycle Express_Backend_Application@1.0.0~test: Args: [ '-c', 'mocha --exit -r ts-node/register test/index-spec.ts' ]
12 silly lifecycle Express_Backend_Application@1.0.0~test: Returned: code: 1  signal: null
13 info lifecycle Express_Backend_Application@1.0.0~test: Failed to exec test script
14 verbose stack Error: Express_Backend_Application@1.0.0 test: `mocha --exit -r ts-node/register test/index-spec.ts`
14 verbose stack Exit status 1
14 verbose stack     at EventEmitter.<anonymous> (/Users/user/.nvm/versions/node/v6.0.0/lib/node_modules/npm/lib/utils/lifecycle.js:239:16)
14 verbose stack     at emitTwo (events.js:106:13)
14 verbose stack     at EventEmitter.emit (events.js:191:7)
14 verbose stack     at ChildProcess.<anonymous> (/Users/user/.nvm/versions/node/v6.0.0/lib/node_modules/npm/lib/utils/spawn.js:24:14)
14 verbose stack     at emitTwo (events.js:106:13)
14 verbose stack     at ChildProcess.emit (events.js:191:7)
14 verbose stack     at maybeClose (internal/child_process.js:850:16)
14 verbose stack     at Process.ChildProcess._handle.onexit (internal/child_process.js:215:5)
15 verbose pkgid Express_Backend_Application@1.0.0
16 verbose cwd /Users/user/Documents/Dev/estate-management
17 error Darwin 18.7.0
18 error argv "/Users/user/.nvm/versions/node/v6.0.0/bin/node" "/Users/user/.nvm/versions/node/v6.0.0/bin/npm" "run" "test"
19 error node v6.0.0
20 error npm  v3.8.6
21 error code ELIFECYCLE
22 error Express_Backend_Application@1.0.0 test: `mocha --exit -r ts-node/register test/index-spec.ts`
22 error Exit status 1
23 error Failed at the Express_Backend_Application@1.0.0 test script 'mocha --exit -r ts-node/register test/index-spec.ts'.
23 error Make sure you have the latest version of node.js and npm installed.
23 error If you do, this is most likely a problem with the Express_Backend_Application package,
23 error not with npm itself.
23 error Tell the author that this fails on your system:
23 error     mocha --exit -r ts-node/register test/index-spec.ts
23 error You can get information on how to open an issue for this project with:
23 error     npm bugs Express_Backend_Application
23 error Or if that isn't available, you can get their info via:
23 error     npm owner ls Express_Backend_Application
23 error There is likely additional logging output above.
24 verbose exit [ 1, true ]
